2024-11-13T07:33:47.258-05:00  INFO 12361 --- [demo] [main] com.example.demo.DemoApplication         : Starting DemoApplication using Java 17.0.11 with PID 12361 (/Users/andres/Desktop/Universidad/IngSoft_5/monitoring-project/demo/build/classes/java/main started by andres in /Users/andres/Desktop/Universidad/IngSoft_5/monitoring-project/demo)
2024-11-13T07:33:47.263-05:00  INFO 12361 --- [demo] [main] com.example.demo.DemoApplication         : No active profile set, falling back to 1 default profile: "default"
2024-11-13T07:33:47.924-05:00  INFO 12361 --- [demo] [main] o.s.b.w.embedded.tomcat.TomcatWebServer  : Tomcat initialized with port 8080 (http)
2024-11-13T07:33:47.934-05:00  INFO 12361 --- [demo] [main] o.apache.catalina.core.StandardService   : Starting service [Tomcat]
2024-11-13T07:33:47.934-05:00  INFO 12361 --- [demo] [main] o.apache.catalina.core.StandardEngine    : Starting Servlet engine: [Apache Tomcat/10.1.31]
2024-11-13T07:33:47.978-05:00  INFO 12361 --- [demo] [main] o.a.c.c.C.[Tomcat].[localhost].[/]       : Initializing Spring embedded WebApplicationContext
2024-11-13T07:33:47.978-05:00  INFO 12361 --- [demo] [main] w.s.c.ServletWebServerApplicationContext : Root WebApplicationContext: initialization completed in 687 ms
2024-11-13T07:33:48.312-05:00  INFO 12361 --- [demo] [main] o.s.b.a.e.web.EndpointLinksResolver      : Exposing 16 endpoints beneath base path '/actuator'
2024-11-13T07:33:48.364-05:00  INFO 12361 --- [demo] [main] o.s.b.w.embedded.tomcat.TomcatWebServer  : Tomcat started on port 8080 (http) with context path '/'
2024-11-13T07:33:48.378-05:00  INFO 12361 --- [demo] [main] com.example.demo.DemoApplication         : Started DemoApplication in 1.376 seconds (process running for 1.676)
2024-11-13T07:33:54.633-05:00  INFO 12361 --- [demo] [http-nio-8080-exec-1] o.a.c.c.C.[Tomcat].[localhost].[/]       : Initializing Spring DispatcherServlet 'dispatcherServlet'
2024-11-13T07:33:54.634-05:00  INFO 12361 --- [demo] [http-nio-8080-exec-1] o.s.web.servlet.DispatcherServlet        : Initializing Servlet 'dispatcherServlet'
2024-11-13T07:33:54.636-05:00  INFO 12361 --- [demo] [http-nio-8080-exec-1] o.s.web.servlet.DispatcherServlet        : Completed initialization in 2 ms
2024-11-13T07:38:43.659-05:00  INFO 12560 --- [demo] [main] com.example.demo.DemoApplication         : Starting DemoApplication using Java 17.0.11 with PID 12560 (/Users/andres/Desktop/Universidad/IngSoft_5/monitoring-project/demo/build/classes/java/main started by andres in /Users/andres/Desktop/Universidad/IngSoft_5/monitoring-project/demo)
2024-11-13T07:38:43.661-05:00  INFO 12560 --- [demo] [main] com.example.demo.DemoApplication         : No active profile set, falling back to 1 default profile: "default"
2024-11-13T07:38:44.322-05:00  INFO 12560 --- [demo] [main] o.s.b.w.embedded.tomcat.TomcatWebServer  : Tomcat initialized with port 8080 (http)
2024-11-13T07:38:44.333-05:00  INFO 12560 --- [demo] [main] o.apache.catalina.core.StandardService   : Starting service [Tomcat]
2024-11-13T07:38:44.333-05:00  INFO 12560 --- [demo] [main] o.apache.catalina.core.StandardEngine    : Starting Servlet engine: [Apache Tomcat/10.1.31]
2024-11-13T07:38:44.371-05:00  INFO 12560 --- [demo] [main] o.a.c.c.C.[Tomcat].[localhost].[/]       : Initializing Spring embedded WebApplicationContext
2024-11-13T07:38:44.371-05:00  INFO 12560 --- [demo] [main] w.s.c.ServletWebServerApplicationContext : Root WebApplicationContext: initialization completed in 682 ms
2024-11-13T07:38:44.709-05:00  INFO 12560 --- [demo] [main] o.s.b.a.e.web.EndpointLinksResolver      : Exposing 16 endpoints beneath base path '/actuator'
2024-11-13T07:38:44.759-05:00  INFO 12560 --- [demo] [main] o.s.b.w.embedded.tomcat.TomcatWebServer  : Tomcat started on port 8080 (http) with context path '/'
2024-11-13T07:38:44.772-05:00  INFO 12560 --- [demo] [main] com.example.demo.DemoApplication         : Started DemoApplication in 1.384 seconds (process running for 1.606)
2024-11-13T07:38:53.129-05:00  INFO 12560 --- [demo] [http-nio-8080-exec-1] o.a.c.c.C.[Tomcat].[localhost].[/]       : Initializing Spring DispatcherServlet 'dispatcherServlet'
2024-11-13T07:38:53.131-05:00  INFO 12560 --- [demo] [http-nio-8080-exec-1] o.s.web.servlet.DispatcherServlet        : Initializing Servlet 'dispatcherServlet'
2024-11-13T07:38:53.136-05:00  INFO 12560 --- [demo] [http-nio-8080-exec-1] o.s.web.servlet.DispatcherServlet        : Completed initialization in 5 ms
