2024-11-30T08:48:11.899-05:00  INFO 4011 --- [demo] [main] com.example.demo.DemoApplication         : Starting DemoApplication using Java 17.0.11 with PID 4011 (/Users/andres/Desktop/Universidad/IngSoft_5/monitoring-project/demo/build/classes/java/main started by andres in /Users/andres/Desktop/Universidad/IngSoft_5/monitoring-project)
2024-11-30T08:48:11.902-05:00  INFO 4011 --- [demo] [main] com.example.demo.DemoApplication         : No active profile set, falling back to 1 default profile: "default"
2024-11-30T08:48:12.433-05:00  INFO 4011 --- [demo] [main] o.s.b.w.embedded.tomcat.TomcatWebServer  : Tomcat initialized with port 8080 (http)
2024-11-30T08:48:12.440-05:00  INFO 4011 --- [demo] [main] o.apache.catalina.core.StandardService   : Starting service [Tomcat]
2024-11-30T08:48:12.440-05:00  INFO 4011 --- [demo] [main] o.apache.catalina.core.StandardEngine    : Starting Servlet engine: [Apache Tomcat/10.1.31]
2024-11-30T08:48:12.473-05:00  INFO 4011 --- [demo] [main] o.a.c.c.C.[Tomcat].[localhost].[/]       : Initializing Spring embedded WebApplicationContext
2024-11-30T08:48:12.473-05:00  INFO 4011 --- [demo] [main] w.s.c.ServletWebServerApplicationContext : Root WebApplicationContext: initialization completed in 550 ms
2024-11-30T08:48:12.752-05:00  INFO 4011 --- [demo] [main] o.s.b.a.e.web.EndpointLinksResolver      : Exposing 16 endpoints beneath base path '/actuator'
2024-11-30T08:48:12.786-05:00  INFO 4011 --- [demo] [main] o.s.b.w.embedded.tomcat.TomcatWebServer  : Tomcat started on port 8080 (http) with context path '/'
2024-11-30T08:48:12.796-05:00  INFO 4011 --- [demo] [main] com.example.demo.DemoApplication         : Started DemoApplication in 1.136 seconds (process running for 1.549)
2024-11-30T08:48:13.229-05:00  INFO 4011 --- [demo] [RMI TCP Connection(3)-127.0.0.1] o.a.c.c.C.[Tomcat].[localhost].[/]       : Initializing Spring DispatcherServlet 'dispatcherServlet'
2024-11-30T08:48:13.229-05:00  INFO 4011 --- [demo] [RMI TCP Connection(3)-127.0.0.1] o.s.web.servlet.DispatcherServlet        : Initializing Servlet 'dispatcherServlet'
2024-11-30T08:48:13.230-05:00  INFO 4011 --- [demo] [RMI TCP Connection(3)-127.0.0.1] o.s.web.servlet.DispatcherServlet        : Completed initialization in 1 ms
2024-11-30T08:55:35.269-05:00  INFO 4109 --- [demo] [main] com.example.demo.DemoApplication         : Starting DemoApplication using Java 17.0.11 with PID 4109 (/Users/andres/Desktop/Universidad/IngSoft_5/monitoring-project/demo/build/classes/java/main started by andres in /Users/andres/Desktop/Universidad/IngSoft_5/monitoring-project)
2024-11-30T08:55:35.271-05:00  INFO 4109 --- [demo] [main] com.example.demo.DemoApplication         : No active profile set, falling back to 1 default profile: "default"
2024-11-30T08:55:35.758-05:00  INFO 4109 --- [demo] [main] o.s.b.w.embedded.tomcat.TomcatWebServer  : Tomcat initialized with port 8080 (http)
2024-11-30T08:55:35.765-05:00  INFO 4109 --- [demo] [main] o.apache.catalina.core.StandardService   : Starting service [Tomcat]
2024-11-30T08:55:35.765-05:00  INFO 4109 --- [demo] [main] o.apache.catalina.core.StandardEngine    : Starting Servlet engine: [Apache Tomcat/10.1.31]
2024-11-30T08:55:35.844-05:00  INFO 4109 --- [demo] [main] o.a.c.c.C.[Tomcat].[localhost].[/]       : Initializing Spring embedded WebApplicationContext
2024-11-30T08:55:35.844-05:00  INFO 4109 --- [demo] [main] w.s.c.ServletWebServerApplicationContext : Root WebApplicationContext: initialization completed in 552 ms
2024-11-30T08:55:36.230-05:00  INFO 4109 --- [demo] [main] o.s.b.a.e.web.EndpointLinksResolver      : Exposing 16 endpoints beneath base path '/actuator'
2024-11-30T08:55:36.262-05:00  INFO 4109 --- [demo] [main] o.s.b.w.embedded.tomcat.TomcatWebServer  : Tomcat started on port 8080 (http) with context path '/'
2024-11-30T08:55:36.272-05:00  INFO 4109 --- [demo] [main] com.example.demo.DemoApplication         : Started DemoApplication in 1.211 seconds (process running for 1.54)
2024-11-30T08:55:36.522-05:00  INFO 4109 --- [demo] [RMI TCP Connection(3)-127.0.0.1] o.a.c.c.C.[Tomcat].[localhost].[/]       : Initializing Spring DispatcherServlet 'dispatcherServlet'
2024-11-30T08:55:36.522-05:00  INFO 4109 --- [demo] [RMI TCP Connection(3)-127.0.0.1] o.s.web.servlet.DispatcherServlet        : Initializing Servlet 'dispatcherServlet'
2024-11-30T08:55:36.523-05:00  INFO 4109 --- [demo] [RMI TCP Connection(3)-127.0.0.1] o.s.web.servlet.DispatcherServlet        : Completed initialization in 1 ms
{"@timestamp":"2024-11-30T15:32:09.774334Z","timestamp":"2024-11-30 10:32:09,774","level":"INFO","thread":"main","logger":"com.example.demo.DemoApplication","message":"Starting DemoApplication using Java 17.0.11 with PID 6135 (/Users/andres/Desktop/Universidad/IngSoft_5/monitoring-project/demo/build/classes/java/main started by andres in /Users/andres/Desktop/Universidad/IngSoft_5/monitoring-project)","operationId":"","entityId":"","event":"","exception":""}
{"@timestamp":"2024-11-30T15:32:09.780655Z","timestamp":"2024-11-30 10:32:09,780","level":"INFO","thread":"main","logger":"com.example.demo.DemoApplication","message":"No active profile set, falling back to 1 default profile: \"default\"","operationId":"","entityId":"","event":"","exception":""}
{"@timestamp":"2024-11-30T15:32:10.257855Z","timestamp":"2024-11-30 10:32:10,257","level":"INFO","thread":"main","logger":"org.springframework.data.repository.config.RepositoryConfigurationDelegate","message":"Bootstrapping Spring Data JPA repositories in DEFAULT mode.","operationId":"","entityId":"","event":"","exception":""}
{"@timestamp":"2024-11-30T15:32:10.279956Z","timestamp":"2024-11-30 10:32:10,279","level":"INFO","thread":"main","logger":"org.springframework.data.repository.config.RepositoryConfigurationDelegate","message":"Finished Spring Data repository scanning in 19 ms. Found 1 JPA repository interface.","operationId":"","entityId":"","event":"","exception":""}
{"@timestamp":"2024-11-30T15:32:10.786292Z","timestamp":"2024-11-30 10:32:10,786","level":"INFO","thread":"main","logger":"org.springframework.boot.web.embedded.tomcat.TomcatWebServer","message":"Tomcat initialized with port 8080 (http)","operationId":"","entityId":"","event":"","exception":""}
{"@timestamp":"2024-11-30T15:32:10.793071Z","timestamp":"2024-11-30 10:32:10,793","level":"INFO","thread":"main","logger":"org.apache.coyote.http11.Http11NioProtocol","message":"Initializing ProtocolHandler [\"http-nio-8080\"]","operationId":"","entityId":"","event":"","exception":""}
{"@timestamp":"2024-11-30T15:32:10.795319Z","timestamp":"2024-11-30 10:32:10,795","level":"INFO","thread":"main","logger":"org.apache.catalina.core.StandardService","message":"Starting service [Tomcat]","operationId":"","entityId":"","event":"","exception":""}
{"@timestamp":"2024-11-30T15:32:10.795764Z","timestamp":"2024-11-30 10:32:10,795","level":"INFO","thread":"main","logger":"org.apache.catalina.core.StandardEngine","message":"Starting Servlet engine: [Apache Tomcat/10.1.31]","operationId":"","entityId":"","event":"","exception":""}
{"@timestamp":"2024-11-30T15:32:10.821363Z","timestamp":"2024-11-30 10:32:10,821","level":"INFO","thread":"main","logger":"org.apache.catalina.core.ContainerBase.[Tomcat].[localhost].[/]","message":"Initializing Spring embedded WebApplicationContext","operationId":"","entityId":"","event":"","exception":""}
{"@timestamp":"2024-11-30T15:32:10.821582Z","timestamp":"2024-11-30 10:32:10,821","level":"INFO","thread":"main","logger":"org.springframework.boot.web.servlet.context.ServletWebServerApplicationContext","message":"Root WebApplicationContext: initialization completed in 1022 ms","operationId":"","entityId":"","event":"","exception":""}
{"@timestamp":"2024-11-30T15:32:10.985278Z","timestamp":"2024-11-30 10:32:10,985","level":"INFO","thread":"main","logger":"com.zaxxer.hikari.HikariDataSource","message":"HikariPool-1 - Starting...","operationId":"","entityId":"","event":"","exception":""}
{"@timestamp":"2024-11-30T15:32:11.089399Z","timestamp":"2024-11-30 10:32:11,089","level":"INFO","thread":"main","logger":"com.zaxxer.hikari.pool.HikariPool","message":"HikariPool-1 - Added connection conn0: url=jdbc:h2:mem:a92f069c-8763-4af9-b453-f2a6667b0ae9 user=SA","operationId":"","entityId":"","event":"","exception":""}
{"@timestamp":"2024-11-30T15:32:11.090237Z","timestamp":"2024-11-30 10:32:11,090","level":"INFO","thread":"main","logger":"com.zaxxer.hikari.HikariDataSource","message":"HikariPool-1 - Start completed.","operationId":"","entityId":"","event":"","exception":""}
{"@timestamp":"2024-11-30T15:32:11.114483Z","timestamp":"2024-11-30 10:32:11,114","level":"INFO","thread":"main","logger":"org.hibernate.jpa.internal.util.LogHelper","message":"HHH000204: Processing PersistenceUnitInfo [name: default]","operationId":"","entityId":"","event":"","exception":""}
{"@timestamp":"2024-11-30T15:32:11.143949Z","timestamp":"2024-11-30 10:32:11,143","level":"INFO","thread":"main","logger":"org.hibernate.Version","message":"HHH000412: Hibernate ORM core version 6.5.3.Final","operationId":"","entityId":"","event":"","exception":""}
{"@timestamp":"2024-11-30T15:32:11.160985Z","timestamp":"2024-11-30 10:32:11,160","level":"INFO","thread":"main","logger":"org.hibernate.cache.internal.RegionFactoryInitiator","message":"HHH000026: Second-level cache disabled","operationId":"","entityId":"","event":"","exception":""}
{"@timestamp":"2024-11-30T15:32:11.324448Z","timestamp":"2024-11-30 10:32:11,324","level":"INFO","thread":"main","logger":"org.springframework.orm.jpa.persistenceunit.SpringPersistenceUnitInfo","message":"No LoadTimeWeaver setup: ignoring JPA class transformer","operationId":"","entityId":"","event":"","exception":""}
{"@timestamp":"2024-11-30T15:32:11.770438Z","timestamp":"2024-11-30 10:32:11,770","level":"INFO","thread":"main","logger":"org.hibernate.engine.transaction.jta.platform.internal.JtaPlatformInitiator","message":"HHH000489: No JTA platform available (set 'hibernate.transaction.jta.platform' to enable JTA platform integration)","operationId":"","entityId":"","event":"","exception":""}
{"@timestamp":"2024-11-30T15:32:11.792397Z","timestamp":"2024-11-30 10:32:11,792","level":"INFO","thread":"main","logger":"org.springframework.orm.jpa.LocalContainerEntityManagerFactoryBean","message":"Initialized JPA EntityManagerFactory for persistence unit 'default'","operationId":"","entityId":"","event":"","exception":""}
{"@timestamp":"2024-11-30T15:32:11.934745Z","timestamp":"2024-11-30 10:32:11,934","level":"WARN","thread":"main","logger":"org.springframework.boot.autoconfigure.orm.jpa.JpaBaseConfiguration$JpaWebConfiguration","message":"spring.jpa.open-in-view is enabled by default. Therefore, database queries may be performed during view rendering. Explicitly configure spring.jpa.open-in-view to disable this warning","operationId":"","entityId":"","event":"","exception":""}
{"@timestamp":"2024-11-30T15:32:12.316959Z","timestamp":"2024-11-30 10:32:12,316","level":"INFO","thread":"main","logger":"org.springframework.boot.actuate.endpoint.web.EndpointLinksResolver","message":"Exposing 4 endpoints beneath base path '/actuator'","operationId":"","entityId":"","event":"","exception":""}
{"@timestamp":"2024-11-30T15:32:12.355822Z","timestamp":"2024-11-30 10:32:12,355","level":"INFO","thread":"main","logger":"org.apache.coyote.http11.Http11NioProtocol","message":"Starting ProtocolHandler [\"http-nio-8080\"]","operationId":"","entityId":"","event":"","exception":""}
{"@timestamp":"2024-11-30T15:32:12.360476Z","timestamp":"2024-11-30 10:32:12,360","level":"WARN","thread":"main","logger":"org.springframework.boot.web.servlet.context.AnnotationConfigServletWebServerApplicationContext","message":"Exception encountered during context initialization - cancelling refresh attempt: org.springframework.context.ApplicationContextException: Failed to start bean 'webServerStartStop'","operationId":"","entityId":"","event":"","exception":""}
{"@timestamp":"2024-11-30T15:32:12.361899Z","timestamp":"2024-11-30 10:32:12,361","level":"INFO","thread":"main","logger":"org.springframework.orm.jpa.LocalContainerEntityManagerFactoryBean","message":"Closing JPA EntityManagerFactory for persistence unit 'default'","operationId":"","entityId":"","event":"","exception":""}
{"@timestamp":"2024-11-30T15:32:12.364013Z","timestamp":"2024-11-30 10:32:12,364","level":"INFO","thread":"main","logger":"com.zaxxer.hikari.HikariDataSource","message":"HikariPool-1 - Shutdown initiated...","operationId":"","entityId":"","event":"","exception":""}
{"@timestamp":"2024-11-30T15:32:12.365812Z","timestamp":"2024-11-30 10:32:12,365","level":"INFO","thread":"main","logger":"com.zaxxer.hikari.HikariDataSource","message":"HikariPool-1 - Shutdown completed.","operationId":"","entityId":"","event":"","exception":""}
{"@timestamp":"2024-11-30T15:32:12.377077Z","timestamp":"2024-11-30 10:32:12,377","level":"INFO","thread":"main","logger":"org.springframework.boot.autoconfigure.logging.ConditionEvaluationReportLogger","message":"\n\nError starting ApplicationContext. To display the condition evaluation report re-run your application with 'debug' enabled.","operationId":"","entityId":"","event":"","exception":""}
{"@timestamp":"2024-11-30T15:32:12.383993Z","timestamp":"2024-11-30 10:32:12,383","level":"ERROR","thread":"main","logger":"org.springframework.boot.diagnostics.LoggingFailureAnalysisReporter","message":"\n\n***************************\nAPPLICATION FAILED TO START\n***************************\n\nDescription:\n\nWeb server failed to start. Port 8080 was already in use.\n\nAction:\n\nIdentify and stop the process that's listening on port 8080 or configure this application to listen on another port.\n","operationId":"","entityId":"","event":"","exception":""}
{"@timestamp":"2024-11-30T15:34:50.979832Z","timestamp":"2024-11-30 10:34:50,979","level":"INFO","thread":"main","logger":"com.example.demo.DemoApplication","message":"Starting DemoApplication using Java 17.0.11 with PID 6208 (/Users/andres/Desktop/Universidad/IngSoft_5/monitoring-project/demo/build/classes/java/main started by andres in /Users/andres/Desktop/Universidad/IngSoft_5/monitoring-project)","operationId":"","entityId":"","event":"","exception":""}
{"@timestamp":"2024-11-30T15:34:50.982925Z","timestamp":"2024-11-30 10:34:50,982","level":"INFO","thread":"main","logger":"com.example.demo.DemoApplication","message":"No active profile set, falling back to 1 default profile: \"default\"","operationId":"","entityId":"","event":"","exception":""}
{"@timestamp":"2024-11-30T15:34:51.373124Z","timestamp":"2024-11-30 10:34:51,373","level":"INFO","thread":"main","logger":"org.springframework.data.repository.config.RepositoryConfigurationDelegate","message":"Bootstrapping Spring Data JPA repositories in DEFAULT mode.","operationId":"","entityId":"","event":"","exception":""}
{"@timestamp":"2024-11-30T15:34:51.396802Z","timestamp":"2024-11-30 10:34:51,396","level":"INFO","thread":"main","logger":"org.springframework.data.repository.config.RepositoryConfigurationDelegate","message":"Finished Spring Data repository scanning in 20 ms. Found 1 JPA repository interface.","operationId":"","entityId":"","event":"","exception":""}
{"@timestamp":"2024-11-30T15:34:51.699933Z","timestamp":"2024-11-30 10:34:51,699","level":"INFO","thread":"main","logger":"org.springframework.boot.web.embedded.tomcat.TomcatWebServer","message":"Tomcat initialized with port 8080 (http)","operationId":"","entityId":"","event":"","exception":""}
{"@timestamp":"2024-11-30T15:34:51.704833Z","timestamp":"2024-11-30 10:34:51,704","level":"INFO","thread":"main","logger":"org.apache.coyote.http11.Http11NioProtocol","message":"Initializing ProtocolHandler [\"http-nio-8080\"]","operationId":"","entityId":"","event":"","exception":""}
{"@timestamp":"2024-11-30T15:34:51.706101Z","timestamp":"2024-11-30 10:34:51,706","level":"INFO","thread":"main","logger":"org.apache.catalina.core.StandardService","message":"Starting service [Tomcat]","operationId":"","entityId":"","event":"","exception":""}
{"@timestamp":"2024-11-30T15:34:51.706223Z","timestamp":"2024-11-30 10:34:51,706","level":"INFO","thread":"main","logger":"org.apache.catalina.core.StandardEngine","message":"Starting Servlet engine: [Apache Tomcat/10.1.31]","operationId":"","entityId":"","event":"","exception":""}
{"@timestamp":"2024-11-30T15:34:51.726806Z","timestamp":"2024-11-30 10:34:51,726","level":"INFO","thread":"main","logger":"org.apache.catalina.core.ContainerBase.[Tomcat].[localhost].[/]","message":"Initializing Spring embedded WebApplicationContext","operationId":"","entityId":"","event":"","exception":""}
{"@timestamp":"2024-11-30T15:34:51.727009Z","timestamp":"2024-11-30 10:34:51,727","level":"INFO","thread":"main","logger":"org.springframework.boot.web.servlet.context.ServletWebServerApplicationContext","message":"Root WebApplicationContext: initialization completed in 723 ms","operationId":"","entityId":"","event":"","exception":""}
{"@timestamp":"2024-11-30T15:34:51.859253Z","timestamp":"2024-11-30 10:34:51,859","level":"INFO","thread":"main","logger":"com.zaxxer.hikari.HikariDataSource","message":"HikariPool-1 - Starting...","operationId":"","entityId":"","event":"","exception":""}
{"@timestamp":"2024-11-30T15:34:51.961823Z","timestamp":"2024-11-30 10:34:51,961","level":"INFO","thread":"main","logger":"com.zaxxer.hikari.pool.HikariPool","message":"HikariPool-1 - Added connection conn0: url=jdbc:h2:mem:672e66c0-bfac-4c1b-8adf-62196554dd87 user=SA","operationId":"","entityId":"","event":"","exception":""}
{"@timestamp":"2024-11-30T15:34:51.962474Z","timestamp":"2024-11-30 10:34:51,962","level":"INFO","thread":"main","logger":"com.zaxxer.hikari.HikariDataSource","message":"HikariPool-1 - Start completed.","operationId":"","entityId":"","event":"","exception":""}
{"@timestamp":"2024-11-30T15:34:51.983273Z","timestamp":"2024-11-30 10:34:51,983","level":"INFO","thread":"main","logger":"org.hibernate.jpa.internal.util.LogHelper","message":"HHH000204: Processing PersistenceUnitInfo [name: default]","operationId":"","entityId":"","event":"","exception":""}
{"@timestamp":"2024-11-30T15:34:52.013833Z","timestamp":"2024-11-30 10:34:52,013","level":"INFO","thread":"main","logger":"org.hibernate.Version","message":"HHH000412: Hibernate ORM core version 6.5.3.Final","operationId":"","entityId":"","event":"","exception":""}
{"@timestamp":"2024-11-30T15:34:52.029456Z","timestamp":"2024-11-30 10:34:52,029","level":"INFO","thread":"main","logger":"org.hibernate.cache.internal.RegionFactoryInitiator","message":"HHH000026: Second-level cache disabled","operationId":"","entityId":"","event":"","exception":""}
{"@timestamp":"2024-11-30T15:34:52.174221Z","timestamp":"2024-11-30 10:34:52,174","level":"INFO","thread":"main","logger":"org.springframework.orm.jpa.persistenceunit.SpringPersistenceUnitInfo","message":"No LoadTimeWeaver setup: ignoring JPA class transformer","operationId":"","entityId":"","event":"","exception":""}
{"@timestamp":"2024-11-30T15:34:52.564769Z","timestamp":"2024-11-30 10:34:52,564","level":"INFO","thread":"main","logger":"org.hibernate.engine.transaction.jta.platform.internal.JtaPlatformInitiator","message":"HHH000489: No JTA platform available (set 'hibernate.transaction.jta.platform' to enable JTA platform integration)","operationId":"","entityId":"","event":"","exception":""}
{"@timestamp":"2024-11-30T15:34:52.57918Z","timestamp":"2024-11-30 10:34:52,579","level":"INFO","thread":"main","logger":"org.springframework.orm.jpa.LocalContainerEntityManagerFactoryBean","message":"Initialized JPA EntityManagerFactory for persistence unit 'default'","operationId":"","entityId":"","event":"","exception":""}
{"@timestamp":"2024-11-30T15:34:52.715381Z","timestamp":"2024-11-30 10:34:52,715","level":"WARN","thread":"main","logger":"org.springframework.boot.autoconfigure.orm.jpa.JpaBaseConfiguration$JpaWebConfiguration","message":"spring.jpa.open-in-view is enabled by default. Therefore, database queries may be performed during view rendering. Explicitly configure spring.jpa.open-in-view to disable this warning","operationId":"","entityId":"","event":"","exception":""}
{"@timestamp":"2024-11-30T15:34:53.029499Z","timestamp":"2024-11-30 10:34:53,029","level":"INFO","thread":"main","logger":"org.springframework.boot.actuate.endpoint.web.EndpointLinksResolver","message":"Exposing 4 endpoints beneath base path '/actuator'","operationId":"","entityId":"","event":"","exception":""}
{"@timestamp":"2024-11-30T15:34:53.061696Z","timestamp":"2024-11-30 10:34:53,061","level":"INFO","thread":"main","logger":"org.apache.coyote.http11.Http11NioProtocol","message":"Starting ProtocolHandler [\"http-nio-8080\"]","operationId":"","entityId":"","event":"","exception":""}
{"@timestamp":"2024-11-30T15:34:53.065622Z","timestamp":"2024-11-30 10:34:53,065","level":"WARN","thread":"main","logger":"org.springframework.boot.web.servlet.context.AnnotationConfigServletWebServerApplicationContext","message":"Exception encountered during context initialization - cancelling refresh attempt: org.springframework.context.ApplicationContextException: Failed to start bean 'webServerStartStop'","operationId":"","entityId":"","event":"","exception":""}
{"@timestamp":"2024-11-30T15:34:53.066834Z","timestamp":"2024-11-30 10:34:53,066","level":"INFO","thread":"main","logger":"org.springframework.orm.jpa.LocalContainerEntityManagerFactoryBean","message":"Closing JPA EntityManagerFactory for persistence unit 'default'","operationId":"","entityId":"","event":"","exception":""}
{"@timestamp":"2024-11-30T15:34:53.068921Z","timestamp":"2024-11-30 10:34:53,068","level":"INFO","thread":"main","logger":"com.zaxxer.hikari.HikariDataSource","message":"HikariPool-1 - Shutdown initiated...","operationId":"","entityId":"","event":"","exception":""}
{"@timestamp":"2024-11-30T15:34:53.070494Z","timestamp":"2024-11-30 10:34:53,070","level":"INFO","thread":"main","logger":"com.zaxxer.hikari.HikariDataSource","message":"HikariPool-1 - Shutdown completed.","operationId":"","entityId":"","event":"","exception":""}
{"@timestamp":"2024-11-30T15:34:53.081649Z","timestamp":"2024-11-30 10:34:53,081","level":"INFO","thread":"main","logger":"org.springframework.boot.autoconfigure.logging.ConditionEvaluationReportLogger","message":"\n\nError starting ApplicationContext. To display the condition evaluation report re-run your application with 'debug' enabled.","operationId":"","entityId":"","event":"","exception":""}
{"@timestamp":"2024-11-30T15:34:53.088489Z","timestamp":"2024-11-30 10:34:53,088","level":"ERROR","thread":"main","logger":"org.springframework.boot.diagnostics.LoggingFailureAnalysisReporter","message":"\n\n***************************\nAPPLICATION FAILED TO START\n***************************\n\nDescription:\n\nWeb server failed to start. Port 8080 was already in use.\n\nAction:\n\nIdentify and stop the process that's listening on port 8080 or configure this application to listen on another port.\n","operationId":"","entityId":"","event":"","exception":""}
{"@timestamp":"2024-11-30T15:36:32.555109Z","timestamp":"2024-11-30 10:36:32,555","level":"INFO","thread":"main","logger":"com.example.demo.DemoApplication","message":"Starting DemoApplication using Java 17.0.11 with PID 6253 (/Users/andres/Desktop/Universidad/IngSoft_5/monitoring-project/demo/build/classes/java/main started by andres in /Users/andres/Desktop/Universidad/IngSoft_5/monitoring-project)","operationId":"","entityId":"","event":"","exception":""}
{"@timestamp":"2024-11-30T15:36:32.558378Z","timestamp":"2024-11-30 10:36:32,558","level":"INFO","thread":"main","logger":"com.example.demo.DemoApplication","message":"No active profile set, falling back to 1 default profile: \"default\"","operationId":"","entityId":"","event":"","exception":""}
{"@timestamp":"2024-11-30T15:36:32.916353Z","timestamp":"2024-11-30 10:36:32,916","level":"INFO","thread":"main","logger":"org.springframework.data.repository.config.RepositoryConfigurationDelegate","message":"Bootstrapping Spring Data JPA repositories in DEFAULT mode.","operationId":"","entityId":"","event":"","exception":""}
{"@timestamp":"2024-11-30T15:36:32.935227Z","timestamp":"2024-11-30 10:36:32,935","level":"INFO","thread":"main","logger":"org.springframework.data.repository.config.RepositoryConfigurationDelegate","message":"Finished Spring Data repository scanning in 15 ms. Found 1 JPA repository interface.","operationId":"","entityId":"","event":"","exception":""}
{"@timestamp":"2024-11-30T15:36:33.236813Z","timestamp":"2024-11-30 10:36:33,236","level":"INFO","thread":"main","logger":"org.springframework.boot.web.embedded.tomcat.TomcatWebServer","message":"Tomcat initialized with port 8080 (http)","operationId":"","entityId":"","event":"","exception":""}
{"@timestamp":"2024-11-30T15:36:33.242424Z","timestamp":"2024-11-30 10:36:33,242","level":"INFO","thread":"main","logger":"org.apache.coyote.http11.Http11NioProtocol","message":"Initializing ProtocolHandler [\"http-nio-8080\"]","operationId":"","entityId":"","event":"","exception":""}
{"@timestamp":"2024-11-30T15:36:33.243808Z","timestamp":"2024-11-30 10:36:33,243","level":"INFO","thread":"main","logger":"org.apache.catalina.core.StandardService","message":"Starting service [Tomcat]","operationId":"","entityId":"","event":"","exception":""}
{"@timestamp":"2024-11-30T15:36:33.243931Z","timestamp":"2024-11-30 10:36:33,243","level":"INFO","thread":"main","logger":"org.apache.catalina.core.StandardEngine","message":"Starting Servlet engine: [Apache Tomcat/10.1.31]","operationId":"","entityId":"","event":"","exception":""}
{"@timestamp":"2024-11-30T15:36:33.267219Z","timestamp":"2024-11-30 10:36:33,267","level":"INFO","thread":"main","logger":"org.apache.catalina.core.ContainerBase.[Tomcat].[localhost].[/]","message":"Initializing Spring embedded WebApplicationContext","operationId":"","entityId":"","event":"","exception":""}
{"@timestamp":"2024-11-30T15:36:33.26742Z","timestamp":"2024-11-30 10:36:33,267","level":"INFO","thread":"main","logger":"org.springframework.boot.web.servlet.context.ServletWebServerApplicationContext","message":"Root WebApplicationContext: initialization completed in 694 ms","operationId":"","entityId":"","event":"","exception":""}
{"@timestamp":"2024-11-30T15:36:33.394756Z","timestamp":"2024-11-30 10:36:33,394","level":"INFO","thread":"main","logger":"com.zaxxer.hikari.HikariDataSource","message":"HikariPool-1 - Starting...","operationId":"","entityId":"","event":"","exception":""}
{"@timestamp":"2024-11-30T15:36:33.481125Z","timestamp":"2024-11-30 10:36:33,481","level":"INFO","thread":"main","logger":"com.zaxxer.hikari.pool.HikariPool","message":"HikariPool-1 - Added connection conn0: url=jdbc:h2:mem:7ff8dfca-e4da-47d5-aeb1-57e410e444c6 user=SA","operationId":"","entityId":"","event":"","exception":""}
{"@timestamp":"2024-11-30T15:36:33.48177Z","timestamp":"2024-11-30 10:36:33,481","level":"INFO","thread":"main","logger":"com.zaxxer.hikari.HikariDataSource","message":"HikariPool-1 - Start completed.","operationId":"","entityId":"","event":"","exception":""}
{"@timestamp":"2024-11-30T15:36:33.501252Z","timestamp":"2024-11-30 10:36:33,501","level":"INFO","thread":"main","logger":"org.hibernate.jpa.internal.util.LogHelper","message":"HHH000204: Processing PersistenceUnitInfo [name: default]","operationId":"","entityId":"","event":"","exception":""}
{"@timestamp":"2024-11-30T15:36:33.522687Z","timestamp":"2024-11-30 10:36:33,522","level":"INFO","thread":"main","logger":"org.hibernate.Version","message":"HHH000412: Hibernate ORM core version 6.5.3.Final","operationId":"","entityId":"","event":"","exception":""}
{"@timestamp":"2024-11-30T15:36:33.534432Z","timestamp":"2024-11-30 10:36:33,534","level":"INFO","thread":"main","logger":"org.hibernate.cache.internal.RegionFactoryInitiator","message":"HHH000026: Second-level cache disabled","operationId":"","entityId":"","event":"","exception":""}
{"@timestamp":"2024-11-30T15:36:33.670663Z","timestamp":"2024-11-30 10:36:33,670","level":"INFO","thread":"main","logger":"org.springframework.orm.jpa.persistenceunit.SpringPersistenceUnitInfo","message":"No LoadTimeWeaver setup: ignoring JPA class transformer","operationId":"","entityId":"","event":"","exception":""}
{"@timestamp":"2024-11-30T15:36:34.032137Z","timestamp":"2024-11-30 10:36:34,032","level":"INFO","thread":"main","logger":"org.hibernate.engine.transaction.jta.platform.internal.JtaPlatformInitiator","message":"HHH000489: No JTA platform available (set 'hibernate.transaction.jta.platform' to enable JTA platform integration)","operationId":"","entityId":"","event":"","exception":""}
{"@timestamp":"2024-11-30T15:36:34.047135Z","timestamp":"2024-11-30 10:36:34,047","level":"INFO","thread":"main","logger":"org.springframework.orm.jpa.LocalContainerEntityManagerFactoryBean","message":"Initialized JPA EntityManagerFactory for persistence unit 'default'","operationId":"","entityId":"","event":"","exception":""}
{"@timestamp":"2024-11-30T15:36:34.179519Z","timestamp":"2024-11-30 10:36:34,179","level":"WARN","thread":"main","logger":"org.springframework.boot.autoconfigure.orm.jpa.JpaBaseConfiguration$JpaWebConfiguration","message":"spring.jpa.open-in-view is enabled by default. Therefore, database queries may be performed during view rendering. Explicitly configure spring.jpa.open-in-view to disable this warning","operationId":"","entityId":"","event":"","exception":""}
{"@timestamp":"2024-11-30T15:36:34.499366Z","timestamp":"2024-11-30 10:36:34,499","level":"INFO","thread":"main","logger":"org.springframework.boot.actuate.endpoint.web.EndpointLinksResolver","message":"Exposing 4 endpoints beneath base path '/actuator'","operationId":"","entityId":"","event":"","exception":""}
{"@timestamp":"2024-11-30T15:36:34.528444Z","timestamp":"2024-11-30 10:36:34,528","level":"INFO","thread":"main","logger":"org.apache.coyote.http11.Http11NioProtocol","message":"Starting ProtocolHandler [\"http-nio-8080\"]","operationId":"","entityId":"","event":"","exception":""}
{"@timestamp":"2024-11-30T15:36:34.532268Z","timestamp":"2024-11-30 10:36:34,532","level":"WARN","thread":"main","logger":"org.springframework.boot.web.servlet.context.AnnotationConfigServletWebServerApplicationContext","message":"Exception encountered during context initialization - cancelling refresh attempt: org.springframework.context.ApplicationContextException: Failed to start bean 'webServerStartStop'","operationId":"","entityId":"","event":"","exception":""}
{"@timestamp":"2024-11-30T15:36:34.53358Z","timestamp":"2024-11-30 10:36:34,533","level":"INFO","thread":"main","logger":"org.springframework.orm.jpa.LocalContainerEntityManagerFactoryBean","message":"Closing JPA EntityManagerFactory for persistence unit 'default'","operationId":"","entityId":"","event":"","exception":""}
{"@timestamp":"2024-11-30T15:36:34.535937Z","timestamp":"2024-11-30 10:36:34,535","level":"INFO","thread":"main","logger":"com.zaxxer.hikari.HikariDataSource","message":"HikariPool-1 - Shutdown initiated...","operationId":"","entityId":"","event":"","exception":""}
{"@timestamp":"2024-11-30T15:36:34.537363Z","timestamp":"2024-11-30 10:36:34,537","level":"INFO","thread":"main","logger":"com.zaxxer.hikari.HikariDataSource","message":"HikariPool-1 - Shutdown completed.","operationId":"","entityId":"","event":"","exception":""}
{"@timestamp":"2024-11-30T15:36:34.548437Z","timestamp":"2024-11-30 10:36:34,548","level":"INFO","thread":"main","logger":"org.springframework.boot.autoconfigure.logging.ConditionEvaluationReportLogger","message":"\n\nError starting ApplicationContext. To display the condition evaluation report re-run your application with 'debug' enabled.","operationId":"","entityId":"","event":"","exception":""}
{"@timestamp":"2024-11-30T15:36:34.555137Z","timestamp":"2024-11-30 10:36:34,555","level":"ERROR","thread":"main","logger":"org.springframework.boot.diagnostics.LoggingFailureAnalysisReporter","message":"\n\n***************************\nAPPLICATION FAILED TO START\n***************************\n\nDescription:\n\nWeb server failed to start. Port 8080 was already in use.\n\nAction:\n\nIdentify and stop the process that's listening on port 8080 or configure this application to listen on another port.\n","operationId":"","entityId":"","event":"","exception":""}
{"@timestamp":"2024-11-30T15:37:28.934399Z","timestamp":"2024-11-30 10:37:28,934","level":"INFO","thread":"main","logger":"com.example.demo.DemoApplication","message":"Starting DemoApplication using Java 17.0.11 with PID 6273 (/Users/andres/Desktop/Universidad/IngSoft_5/monitoring-project/demo/build/classes/java/main started by andres in /Users/andres/Desktop/Universidad/IngSoft_5/monitoring-project)","operationId":"","entityId":"","event":"","exception":""}
{"@timestamp":"2024-11-30T15:37:28.937785Z","timestamp":"2024-11-30 10:37:28,937","level":"INFO","thread":"main","logger":"com.example.demo.DemoApplication","message":"No active profile set, falling back to 1 default profile: \"default\"","operationId":"","entityId":"","event":"","exception":""}
{"@timestamp":"2024-11-30T15:37:29.330005Z","timestamp":"2024-11-30 10:37:29,330","level":"INFO","thread":"main","logger":"org.springframework.data.repository.config.RepositoryConfigurationDelegate","message":"Bootstrapping Spring Data JPA repositories in DEFAULT mode.","operationId":"","entityId":"","event":"","exception":""}
{"@timestamp":"2024-11-30T15:37:29.352215Z","timestamp":"2024-11-30 10:37:29,352","level":"INFO","thread":"main","logger":"org.springframework.data.repository.config.RepositoryConfigurationDelegate","message":"Finished Spring Data repository scanning in 18 ms. Found 1 JPA repository interface.","operationId":"","entityId":"","event":"","exception":""}
{"@timestamp":"2024-11-30T15:37:29.66268Z","timestamp":"2024-11-30 10:37:29,662","level":"INFO","thread":"main","logger":"org.springframework.boot.web.embedded.tomcat.TomcatWebServer","message":"Tomcat initialized with port 8080 (http)","operationId":"","entityId":"","event":"","exception":""}
{"@timestamp":"2024-11-30T15:37:29.667247Z","timestamp":"2024-11-30 10:37:29,667","level":"INFO","thread":"main","logger":"org.apache.coyote.http11.Http11NioProtocol","message":"Initializing ProtocolHandler [\"http-nio-8080\"]","operationId":"","entityId":"","event":"","exception":""}
{"@timestamp":"2024-11-30T15:37:29.668488Z","timestamp":"2024-11-30 10:37:29,668","level":"INFO","thread":"main","logger":"org.apache.catalina.core.StandardService","message":"Starting service [Tomcat]","operationId":"","entityId":"","event":"","exception":""}
{"@timestamp":"2024-11-30T15:37:29.668608Z","timestamp":"2024-11-30 10:37:29,668","level":"INFO","thread":"main","logger":"org.apache.catalina.core.StandardEngine","message":"Starting Servlet engine: [Apache Tomcat/10.1.31]","operationId":"","entityId":"","event":"","exception":""}
{"@timestamp":"2024-11-30T15:37:29.690801Z","timestamp":"2024-11-30 10:37:29,690","level":"INFO","thread":"main","logger":"org.apache.catalina.core.ContainerBase.[Tomcat].[localhost].[/]","message":"Initializing Spring embedded WebApplicationContext","operationId":"","entityId":"","event":"","exception":""}
{"@timestamp":"2024-11-30T15:37:29.691002Z","timestamp":"2024-11-30 10:37:29,691","level":"INFO","thread":"main","logger":"org.springframework.boot.web.servlet.context.ServletWebServerApplicationContext","message":"Root WebApplicationContext: initialization completed in 736 ms","operationId":"","entityId":"","event":"","exception":""}
{"@timestamp":"2024-11-30T15:37:29.826629Z","timestamp":"2024-11-30 10:37:29,826","level":"INFO","thread":"main","logger":"com.zaxxer.hikari.HikariDataSource","message":"HikariPool-1 - Starting...","operationId":"","entityId":"","event":"","exception":""}
{"@timestamp":"2024-11-30T15:37:29.92089Z","timestamp":"2024-11-30 10:37:29,920","level":"INFO","thread":"main","logger":"com.zaxxer.hikari.pool.HikariPool","message":"HikariPool-1 - Added connection conn0: url=jdbc:h2:mem:c54aaf23-9026-4893-b920-36653227e61f user=SA","operationId":"","entityId":"","event":"","exception":""}
{"@timestamp":"2024-11-30T15:37:29.92157Z","timestamp":"2024-11-30 10:37:29,921","level":"INFO","thread":"main","logger":"com.zaxxer.hikari.HikariDataSource","message":"HikariPool-1 - Start completed.","operationId":"","entityId":"","event":"","exception":""}
{"@timestamp":"2024-11-30T15:37:29.943013Z","timestamp":"2024-11-30 10:37:29,943","level":"INFO","thread":"main","logger":"org.hibernate.jpa.internal.util.LogHelper","message":"HHH000204: Processing PersistenceUnitInfo [name: default]","operationId":"","entityId":"","event":"","exception":""}
{"@timestamp":"2024-11-30T15:37:29.971575Z","timestamp":"2024-11-30 10:37:29,971","level":"INFO","thread":"main","logger":"org.hibernate.Version","message":"HHH000412: Hibernate ORM core version 6.5.3.Final","operationId":"","entityId":"","event":"","exception":""}
{"@timestamp":"2024-11-30T15:37:29.986753Z","timestamp":"2024-11-30 10:37:29,986","level":"INFO","thread":"main","logger":"org.hibernate.cache.internal.RegionFactoryInitiator","message":"HHH000026: Second-level cache disabled","operationId":"","entityId":"","event":"","exception":""}
{"@timestamp":"2024-11-30T15:37:30.127638Z","timestamp":"2024-11-30 10:37:30,127","level":"INFO","thread":"main","logger":"org.springframework.orm.jpa.persistenceunit.SpringPersistenceUnitInfo","message":"No LoadTimeWeaver setup: ignoring JPA class transformer","operationId":"","entityId":"","event":"","exception":""}
{"@timestamp":"2024-11-30T15:37:30.518228Z","timestamp":"2024-11-30 10:37:30,518","level":"INFO","thread":"main","logger":"org.hibernate.engine.transaction.jta.platform.internal.JtaPlatformInitiator","message":"HHH000489: No JTA platform available (set 'hibernate.transaction.jta.platform' to enable JTA platform integration)","operationId":"","entityId":"","event":"","exception":""}
{"@timestamp":"2024-11-30T15:37:30.532083Z","timestamp":"2024-11-30 10:37:30,532","level":"INFO","thread":"main","logger":"org.springframework.orm.jpa.LocalContainerEntityManagerFactoryBean","message":"Initialized JPA EntityManagerFactory for persistence unit 'default'","operationId":"","entityId":"","event":"","exception":""}
{"@timestamp":"2024-11-30T15:37:30.666747Z","timestamp":"2024-11-30 10:37:30,666","level":"WARN","thread":"main","logger":"org.springframework.boot.autoconfigure.orm.jpa.JpaBaseConfiguration$JpaWebConfiguration","message":"spring.jpa.open-in-view is enabled by default. Therefore, database queries may be performed during view rendering. Explicitly configure spring.jpa.open-in-view to disable this warning","operationId":"","entityId":"","event":"","exception":""}
{"@timestamp":"2024-11-30T15:37:30.98399Z","timestamp":"2024-11-30 10:37:30,983","level":"INFO","thread":"main","logger":"org.springframework.boot.actuate.endpoint.web.EndpointLinksResolver","message":"Exposing 4 endpoints beneath base path '/actuator'","operationId":"","entityId":"","event":"","exception":""}
{"@timestamp":"2024-11-30T15:37:31.019144Z","timestamp":"2024-11-30 10:37:31,019","level":"INFO","thread":"main","logger":"org.apache.coyote.http11.Http11NioProtocol","message":"Starting ProtocolHandler [\"http-nio-8080\"]","operationId":"","entityId":"","event":"","exception":""}
{"@timestamp":"2024-11-30T15:37:31.023354Z","timestamp":"2024-11-30 10:37:31,023","level":"WARN","thread":"main","logger":"org.springframework.boot.web.servlet.context.AnnotationConfigServletWebServerApplicationContext","message":"Exception encountered during context initialization - cancelling refresh attempt: org.springframework.context.ApplicationContextException: Failed to start bean 'webServerStartStop'","operationId":"","entityId":"","event":"","exception":""}
{"@timestamp":"2024-11-30T15:37:31.024701Z","timestamp":"2024-11-30 10:37:31,024","level":"INFO","thread":"main","logger":"org.springframework.orm.jpa.LocalContainerEntityManagerFactoryBean","message":"Closing JPA EntityManagerFactory for persistence unit 'default'","operationId":"","entityId":"","event":"","exception":""}
{"@timestamp":"2024-11-30T15:37:31.027186Z","timestamp":"2024-11-30 10:37:31,027","level":"INFO","thread":"main","logger":"com.zaxxer.hikari.HikariDataSource","message":"HikariPool-1 - Shutdown initiated...","operationId":"","entityId":"","event":"","exception":""}
{"@timestamp":"2024-11-30T15:37:31.029639Z","timestamp":"2024-11-30 10:37:31,029","level":"INFO","thread":"main","logger":"com.zaxxer.hikari.HikariDataSource","message":"HikariPool-1 - Shutdown completed.","operationId":"","entityId":"","event":"","exception":""}
{"@timestamp":"2024-11-30T15:37:31.042152Z","timestamp":"2024-11-30 10:37:31,042","level":"INFO","thread":"main","logger":"org.springframework.boot.autoconfigure.logging.ConditionEvaluationReportLogger","message":"\n\nError starting ApplicationContext. To display the condition evaluation report re-run your application with 'debug' enabled.","operationId":"","entityId":"","event":"","exception":""}
{"@timestamp":"2024-11-30T15:37:31.050266Z","timestamp":"2024-11-30 10:37:31,050","level":"ERROR","thread":"main","logger":"org.springframework.boot.diagnostics.LoggingFailureAnalysisReporter","message":"\n\n***************************\nAPPLICATION FAILED TO START\n***************************\n\nDescription:\n\nWeb server failed to start. Port 8080 was already in use.\n\nAction:\n\nIdentify and stop the process that's listening on port 8080 or configure this application to listen on another port.\n","operationId":"","entityId":"","event":"","exception":""}
{"@timestamp":"2024-11-30T15:40:58.131179Z","timestamp":"2024-11-30 10:40:58,131","level":"INFO","thread":"main","logger":"com.example.demo.DemoApplication","message":"Starting DemoApplication using Java 17.0.11 with PID 6361 (/Users/andres/Desktop/Universidad/IngSoft_5/monitoring-project/demo/build/classes/java/main started by andres in /Users/andres/Desktop/Universidad/IngSoft_5/monitoring-project)","operationId":"","entityId":"","event":"","exception":""}
{"@timestamp":"2024-11-30T15:40:58.134462Z","timestamp":"2024-11-30 10:40:58,134","level":"INFO","thread":"main","logger":"com.example.demo.DemoApplication","message":"No active profile set, falling back to 1 default profile: \"default\"","operationId":"","entityId":"","event":"","exception":""}
{"@timestamp":"2024-11-30T15:40:58.465622Z","timestamp":"2024-11-30 10:40:58,465","level":"INFO","thread":"main","logger":"org.springframework.data.repository.config.RepositoryConfigurationDelegate","message":"Bootstrapping Spring Data JPA repositories in DEFAULT mode.","operationId":"","entityId":"","event":"","exception":""}
{"@timestamp":"2024-11-30T15:40:58.482793Z","timestamp":"2024-11-30 10:40:58,482","level":"INFO","thread":"main","logger":"org.springframework.data.repository.config.RepositoryConfigurationDelegate","message":"Finished Spring Data repository scanning in 14 ms. Found 1 JPA repository interface.","operationId":"","entityId":"","event":"","exception":""}
{"@timestamp":"2024-11-30T15:40:58.752389Z","timestamp":"2024-11-30 10:40:58,752","level":"INFO","thread":"main","logger":"org.springframework.boot.web.embedded.tomcat.TomcatWebServer","message":"Tomcat initialized with port 8080 (http)","operationId":"","entityId":"","event":"","exception":""}
{"@timestamp":"2024-11-30T15:40:58.756532Z","timestamp":"2024-11-30 10:40:58,756","level":"INFO","thread":"main","logger":"org.apache.coyote.http11.Http11NioProtocol","message":"Initializing ProtocolHandler [\"http-nio-8080\"]","operationId":"","entityId":"","event":"","exception":""}
{"@timestamp":"2024-11-30T15:40:58.757824Z","timestamp":"2024-11-30 10:40:58,757","level":"INFO","thread":"main","logger":"org.apache.catalina.core.StandardService","message":"Starting service [Tomcat]","operationId":"","entityId":"","event":"","exception":""}
{"@timestamp":"2024-11-30T15:40:58.757959Z","timestamp":"2024-11-30 10:40:58,757","level":"INFO","thread":"main","logger":"org.apache.catalina.core.StandardEngine","message":"Starting Servlet engine: [Apache Tomcat/10.1.31]","operationId":"","entityId":"","event":"","exception":""}
{"@timestamp":"2024-11-30T15:40:58.77847Z","timestamp":"2024-11-30 10:40:58,778","level":"INFO","thread":"main","logger":"org.apache.catalina.core.ContainerBase.[Tomcat].[localhost].[/]","message":"Initializing Spring embedded WebApplicationContext","operationId":"","entityId":"","event":"","exception":""}
{"@timestamp":"2024-11-30T15:40:58.778674Z","timestamp":"2024-11-30 10:40:58,778","level":"INFO","thread":"main","logger":"org.springframework.boot.web.servlet.context.ServletWebServerApplicationContext","message":"Root WebApplicationContext: initialization completed in 631 ms","operationId":"","entityId":"","event":"","exception":""}
{"@timestamp":"2024-11-30T15:40:58.899148Z","timestamp":"2024-11-30 10:40:58,899","level":"INFO","thread":"main","logger":"com.zaxxer.hikari.HikariDataSource","message":"HikariPool-1 - Starting...","operationId":"","entityId":"","event":"","exception":""}
{"@timestamp":"2024-11-30T15:40:58.976984Z","timestamp":"2024-11-30 10:40:58,976","level":"INFO","thread":"main","logger":"com.zaxxer.hikari.pool.HikariPool","message":"HikariPool-1 - Added connection conn0: url=jdbc:h2:mem:4708fe4e-183d-447d-b0f9-85ee325ddc95 user=SA","operationId":"","entityId":"","event":"","exception":""}
{"@timestamp":"2024-11-30T15:40:58.977612Z","timestamp":"2024-11-30 10:40:58,977","level":"INFO","thread":"main","logger":"com.zaxxer.hikari.HikariDataSource","message":"HikariPool-1 - Start completed.","operationId":"","entityId":"","event":"","exception":""}
{"@timestamp":"2024-11-30T15:40:58.994875Z","timestamp":"2024-11-30 10:40:58,994","level":"INFO","thread":"main","logger":"org.hibernate.jpa.internal.util.LogHelper","message":"HHH000204: Processing PersistenceUnitInfo [name: default]","operationId":"","entityId":"","event":"","exception":""}
{"@timestamp":"2024-11-30T15:40:59.015459Z","timestamp":"2024-11-30 10:40:59,015","level":"INFO","thread":"main","logger":"org.hibernate.Version","message":"HHH000412: Hibernate ORM core version 6.5.3.Final","operationId":"","entityId":"","event":"","exception":""}
{"@timestamp":"2024-11-30T15:40:59.026856Z","timestamp":"2024-11-30 10:40:59,026","level":"INFO","thread":"main","logger":"org.hibernate.cache.internal.RegionFactoryInitiator","message":"HHH000026: Second-level cache disabled","operationId":"","entityId":"","event":"","exception":""}
{"@timestamp":"2024-11-30T15:40:59.143729Z","timestamp":"2024-11-30 10:40:59,143","level":"INFO","thread":"main","logger":"org.springframework.orm.jpa.persistenceunit.SpringPersistenceUnitInfo","message":"No LoadTimeWeaver setup: ignoring JPA class transformer","operationId":"","entityId":"","event":"","exception":""}
{"@timestamp":"2024-11-30T15:40:59.498558Z","timestamp":"2024-11-30 10:40:59,498","level":"INFO","thread":"main","logger":"org.hibernate.engine.transaction.jta.platform.internal.JtaPlatformInitiator","message":"HHH000489: No JTA platform available (set 'hibernate.transaction.jta.platform' to enable JTA platform integration)","operationId":"","entityId":"","event":"","exception":""}
{"@timestamp":"2024-11-30T15:40:59.51245Z","timestamp":"2024-11-30 10:40:59,512","level":"INFO","thread":"main","logger":"org.springframework.orm.jpa.LocalContainerEntityManagerFactoryBean","message":"Initialized JPA EntityManagerFactory for persistence unit 'default'","operationId":"","entityId":"","event":"","exception":""}
{"@timestamp":"2024-11-30T15:40:59.652485Z","timestamp":"2024-11-30 10:40:59,652","level":"WARN","thread":"main","logger":"org.springframework.boot.autoconfigure.orm.jpa.JpaBaseConfiguration$JpaWebConfiguration","message":"spring.jpa.open-in-view is enabled by default. Therefore, database queries may be performed during view rendering. Explicitly configure spring.jpa.open-in-view to disable this warning","operationId":"","entityId":"","event":"","exception":""}
{"@timestamp":"2024-11-30T15:40:59.983827Z","timestamp":"2024-11-30 10:40:59,983","level":"INFO","thread":"main","logger":"org.springframework.boot.actuate.endpoint.web.EndpointLinksResolver","message":"Exposing 4 endpoints beneath base path '/actuator'","operationId":"","entityId":"","event":"","exception":""}
{"@timestamp":"2024-11-30T15:41:00.01444Z","timestamp":"2024-11-30 10:41:00,014","level":"INFO","thread":"main","logger":"org.apache.coyote.http11.Http11NioProtocol","message":"Starting ProtocolHandler [\"http-nio-8080\"]","operationId":"","entityId":"","event":"","exception":""}
{"@timestamp":"2024-11-30T15:41:00.023836Z","timestamp":"2024-11-30 10:41:00,023","level":"INFO","thread":"main","logger":"org.springframework.boot.web.embedded.tomcat.TomcatWebServer","message":"Tomcat started on port 8080 (http) with context path '/'","operationId":"","entityId":"","event":"","exception":""}
{"@timestamp":"2024-11-30T15:41:00.034256Z","timestamp":"2024-11-30 10:41:00,034","level":"INFO","thread":"main","logger":"com.example.demo.DemoApplication","message":"Started DemoApplication in 2.202 seconds (process running for 2.481)","operationId":"","entityId":"","event":"","exception":""}
{"@timestamp":"2024-11-30T15:41:00.394747Z","timestamp":"2024-11-30 10:41:00,394","level":"INFO","thread":"RMI TCP Connection(1)-127.0.0.1","logger":"org.apache.catalina.core.ContainerBase.[Tomcat].[localhost].[/]","message":"Initializing Spring DispatcherServlet 'dispatcherServlet'","operationId":"","entityId":"","event":"","exception":""}
{"@timestamp":"2024-11-30T15:41:00.394995Z","timestamp":"2024-11-30 10:41:00,394","level":"INFO","thread":"RMI TCP Connection(1)-127.0.0.1","logger":"org.springframework.web.servlet.DispatcherServlet","message":"Initializing Servlet 'dispatcherServlet'","operationId":"","entityId":"","event":"","exception":""}
{"@timestamp":"2024-11-30T15:41:00.396251Z","timestamp":"2024-11-30 10:41:00,396","level":"INFO","thread":"RMI TCP Connection(1)-127.0.0.1","logger":"org.springframework.web.servlet.DispatcherServlet","message":"Completed initialization in 1 ms","operationId":"","entityId":"","event":"","exception":""}
{"@timestamp":"2024-11-30T15:45:56.804592Z","timestamp":"2024-11-30 10:45:56,804","level":"INFO","thread":"SpringApplicationShutdownHook","logger":"org.springframework.orm.jpa.LocalContainerEntityManagerFactoryBean","message":"Closing JPA EntityManagerFactory for persistence unit 'default'","operationId":"","entityId":"","event":"","exception":""}
{"@timestamp":"2024-11-30T15:45:56.818774Z","timestamp":"2024-11-30 10:45:56,818","level":"INFO","thread":"SpringApplicationShutdownHook","logger":"com.zaxxer.hikari.HikariDataSource","message":"HikariPool-1 - Shutdown initiated...","operationId":"","entityId":"","event":"","exception":""}
{"@timestamp":"2024-11-30T15:45:56.821673Z","timestamp":"2024-11-30 10:45:56,821","level":"INFO","thread":"SpringApplicationShutdownHook","logger":"com.zaxxer.hikari.HikariDataSource","message":"HikariPool-1 - Shutdown completed.","operationId":"","entityId":"","event":"","exception":""}
{"@timestamp":"2024-11-30T15:46:11.623791Z","timestamp":"2024-11-30 10:46:11,623","level":"INFO","thread":"main","logger":"com.example.demo.DemoApplication","message":"Starting DemoApplication using Java 17.0.11 with PID 6470 (/Users/andres/Desktop/Universidad/IngSoft_5/monitoring-project/demo/build/classes/java/main started by andres in /Users/andres/Desktop/Universidad/IngSoft_5/monitoring-project)","operationId":"","entityId":"","event":"","exception":""}
{"@timestamp":"2024-11-30T15:46:11.62717Z","timestamp":"2024-11-30 10:46:11,627","level":"INFO","thread":"main","logger":"com.example.demo.DemoApplication","message":"No active profile set, falling back to 1 default profile: \"default\"","operationId":"","entityId":"","event":"","exception":""}
{"@timestamp":"2024-11-30T15:46:11.992164Z","timestamp":"2024-11-30 10:46:11,992","level":"INFO","thread":"main","logger":"org.springframework.data.repository.config.RepositoryConfigurationDelegate","message":"Bootstrapping Spring Data JPA repositories in DEFAULT mode.","operationId":"","entityId":"","event":"","exception":""}
{"@timestamp":"2024-11-30T15:46:12.010675Z","timestamp":"2024-11-30 10:46:12,010","level":"INFO","thread":"main","logger":"org.springframework.data.repository.config.RepositoryConfigurationDelegate","message":"Finished Spring Data repository scanning in 15 ms. Found 1 JPA repository interface.","operationId":"","entityId":"","event":"","exception":""}
{"@timestamp":"2024-11-30T15:46:12.309053Z","timestamp":"2024-11-30 10:46:12,309","level":"INFO","thread":"main","logger":"org.springframework.boot.web.embedded.tomcat.TomcatWebServer","message":"Tomcat initialized with port 8080 (http)","operationId":"","entityId":"","event":"","exception":""}
{"@timestamp":"2024-11-30T15:46:12.314259Z","timestamp":"2024-11-30 10:46:12,314","level":"INFO","thread":"main","logger":"org.apache.coyote.http11.Http11NioProtocol","message":"Initializing ProtocolHandler [\"http-nio-8080\"]","operationId":"","entityId":"","event":"","exception":""}
{"@timestamp":"2024-11-30T15:46:12.316076Z","timestamp":"2024-11-30 10:46:12,316","level":"INFO","thread":"main","logger":"org.apache.catalina.core.StandardService","message":"Starting service [Tomcat]","operationId":"","entityId":"","event":"","exception":""}
{"@timestamp":"2024-11-30T15:46:12.316283Z","timestamp":"2024-11-30 10:46:12,316","level":"INFO","thread":"main","logger":"org.apache.catalina.core.StandardEngine","message":"Starting Servlet engine: [Apache Tomcat/10.1.31]","operationId":"","entityId":"","event":"","exception":""}
{"@timestamp":"2024-11-30T15:46:12.34164Z","timestamp":"2024-11-30 10:46:12,341","level":"INFO","thread":"main","logger":"org.apache.catalina.core.ContainerBase.[Tomcat].[localhost].[/]","message":"Initializing Spring embedded WebApplicationContext","operationId":"","entityId":"","event":"","exception":""}
{"@timestamp":"2024-11-30T15:46:12.341892Z","timestamp":"2024-11-30 10:46:12,341","level":"INFO","thread":"main","logger":"org.springframework.boot.web.servlet.context.ServletWebServerApplicationContext","message":"Root WebApplicationContext: initialization completed in 700 ms","operationId":"","entityId":"","event":"","exception":""}
{"@timestamp":"2024-11-30T15:46:12.473156Z","timestamp":"2024-11-30 10:46:12,473","level":"INFO","thread":"main","logger":"com.zaxxer.hikari.HikariDataSource","message":"HikariPool-1 - Starting...","operationId":"","entityId":"","event":"","exception":""}
{"@timestamp":"2024-11-30T15:46:12.55596Z","timestamp":"2024-11-30 10:46:12,555","level":"INFO","thread":"main","logger":"com.zaxxer.hikari.pool.HikariPool","message":"HikariPool-1 - Added connection conn0: url=jdbc:h2:mem:354b485f-bfd9-466f-84e6-0dc8cc6aa138 user=SA","operationId":"","entityId":"","event":"","exception":""}
{"@timestamp":"2024-11-30T15:46:12.556595Z","timestamp":"2024-11-30 10:46:12,556","level":"INFO","thread":"main","logger":"com.zaxxer.hikari.HikariDataSource","message":"HikariPool-1 - Start completed.","operationId":"","entityId":"","event":"","exception":""}
{"@timestamp":"2024-11-30T15:46:12.574633Z","timestamp":"2024-11-30 10:46:12,574","level":"INFO","thread":"main","logger":"org.hibernate.jpa.internal.util.LogHelper","message":"HHH000204: Processing PersistenceUnitInfo [name: default]","operationId":"","entityId":"","event":"","exception":""}
{"@timestamp":"2024-11-30T15:46:12.595514Z","timestamp":"2024-11-30 10:46:12,595","level":"INFO","thread":"main","logger":"org.hibernate.Version","message":"HHH000412: Hibernate ORM core version 6.5.3.Final","operationId":"","entityId":"","event":"","exception":""}
{"@timestamp":"2024-11-30T15:46:12.607702Z","timestamp":"2024-11-30 10:46:12,607","level":"INFO","thread":"main","logger":"org.hibernate.cache.internal.RegionFactoryInitiator","message":"HHH000026: Second-level cache disabled","operationId":"","entityId":"","event":"","exception":""}
{"@timestamp":"2024-11-30T15:46:12.727387Z","timestamp":"2024-11-30 10:46:12,727","level":"INFO","thread":"main","logger":"org.springframework.orm.jpa.persistenceunit.SpringPersistenceUnitInfo","message":"No LoadTimeWeaver setup: ignoring JPA class transformer","operationId":"","entityId":"","event":"","exception":""}
{"@timestamp":"2024-11-30T15:46:13.108419Z","timestamp":"2024-11-30 10:46:13,108","level":"INFO","thread":"main","logger":"org.hibernate.engine.transaction.jta.platform.internal.JtaPlatformInitiator","message":"HHH000489: No JTA platform available (set 'hibernate.transaction.jta.platform' to enable JTA platform integration)","operationId":"","entityId":"","event":"","exception":""}
{"@timestamp":"2024-11-30T15:46:13.123442Z","timestamp":"2024-11-30 10:46:13,123","level":"INFO","thread":"main","logger":"org.springframework.orm.jpa.LocalContainerEntityManagerFactoryBean","message":"Initialized JPA EntityManagerFactory for persistence unit 'default'","operationId":"","entityId":"","event":"","exception":""}
{"@timestamp":"2024-11-30T15:46:13.264746Z","timestamp":"2024-11-30 10:46:13,264","level":"WARN","thread":"main","logger":"org.springframework.boot.autoconfigure.orm.jpa.JpaBaseConfiguration$JpaWebConfiguration","message":"spring.jpa.open-in-view is enabled by default. Therefore, database queries may be performed during view rendering. Explicitly configure spring.jpa.open-in-view to disable this warning","operationId":"","entityId":"","event":"","exception":""}
{"@timestamp":"2024-11-30T15:46:13.586535Z","timestamp":"2024-11-30 10:46:13,586","level":"INFO","thread":"main","logger":"org.springframework.boot.actuate.endpoint.web.EndpointLinksResolver","message":"Exposing 4 endpoints beneath base path '/actuator'","operationId":"","entityId":"","event":"","exception":""}
{"@timestamp":"2024-11-30T15:46:13.617324Z","timestamp":"2024-11-30 10:46:13,617","level":"INFO","thread":"main","logger":"org.apache.coyote.http11.Http11NioProtocol","message":"Starting ProtocolHandler [\"http-nio-8080\"]","operationId":"","entityId":"","event":"","exception":""}
{"@timestamp":"2024-11-30T15:46:13.626658Z","timestamp":"2024-11-30 10:46:13,626","level":"INFO","thread":"main","logger":"org.springframework.boot.web.embedded.tomcat.TomcatWebServer","message":"Tomcat started on port 8080 (http) with context path '/'","operationId":"","entityId":"","event":"","exception":""}
{"@timestamp":"2024-11-30T15:46:13.642074Z","timestamp":"2024-11-30 10:46:13,642","level":"INFO","thread":"main","logger":"com.example.demo.DemoApplication","message":"Started DemoApplication in 2.296 seconds (process running for 2.553)","operationId":"","entityId":"","event":"","exception":""}
{"@timestamp":"2024-11-30T15:46:13.931573Z","timestamp":"2024-11-30 10:46:13,931","level":"INFO","thread":"RMI TCP Connection(3)-127.0.0.1","logger":"org.apache.catalina.core.ContainerBase.[Tomcat].[localhost].[/]","message":"Initializing Spring DispatcherServlet 'dispatcherServlet'","operationId":"","entityId":"","event":"","exception":""}
{"@timestamp":"2024-11-30T15:46:13.931927Z","timestamp":"2024-11-30 10:46:13,931","level":"INFO","thread":"RMI TCP Connection(3)-127.0.0.1","logger":"org.springframework.web.servlet.DispatcherServlet","message":"Initializing Servlet 'dispatcherServlet'","operationId":"","entityId":"","event":"","exception":""}
{"@timestamp":"2024-11-30T15:46:13.933017Z","timestamp":"2024-11-30 10:46:13,933","level":"INFO","thread":"RMI TCP Connection(3)-127.0.0.1","logger":"org.springframework.web.servlet.DispatcherServlet","message":"Completed initialization in 1 ms","operationId":"","entityId":"","event":"","exception":""}
{"@timestamp":"2024-11-30T15:46:22.858923Z","timestamp":"2024-11-30 10:46:22,858","level":"INFO","thread":"http-nio-8080-exec-2","logger":"com.example.demo.CurriculumController","message":"Inicio de crearCurso","operationId":"","entityId":"","event":"operationId=490292a0-5007-4ab7-bf9f-590640c36994, event=crearCurso","exception":""}
{"@timestamp":"2024-11-30T15:46:22.917964Z","timestamp":"2024-11-30 10:46:22,917","level":"INFO","thread":"http-nio-8080-exec-2","logger":"com.example.demo.CurriculumController","message":"Curso creado exitosamente","operationId":"","entityId":"","event":"operationId=490292a0-5007-4ab7-bf9f-590640c36994, event=crearCurso","exception":""}
{"@timestamp":"2024-11-30T15:46:44.289087Z","timestamp":"2024-11-30 10:46:44,289","level":"INFO","thread":"SpringApplicationShutdownHook","logger":"org.springframework.orm.jpa.LocalContainerEntityManagerFactoryBean","message":"Closing JPA EntityManagerFactory for persistence unit 'default'","operationId":"","entityId":"","event":"","exception":""}
{"@timestamp":"2024-11-30T15:46:44.305265Z","timestamp":"2024-11-30 10:46:44,305","level":"INFO","thread":"SpringApplicationShutdownHook","logger":"com.zaxxer.hikari.HikariDataSource","message":"HikariPool-1 - Shutdown initiated...","operationId":"","entityId":"","event":"","exception":""}
{"@timestamp":"2024-11-30T15:46:44.307485Z","timestamp":"2024-11-30 10:46:44,307","level":"INFO","thread":"SpringApplicationShutdownHook","logger":"com.zaxxer.hikari.HikariDataSource","message":"HikariPool-1 - Shutdown completed.","operationId":"","entityId":"","event":"","exception":""}
